<?xml version="1.0" encoding="UTF-8"?>
<testng-results skipped="0" failed="0" ignored="0" total="1" passed="1">
  <reporter-output>
  </reporter-output>
  <suite name="Default suite" duration-ms="30483" started-at="2020-04-06T01:37:51Z" finished-at="2020-04-06T01:38:22Z">
    <groups>
      <group name="cucumber">
        <method signature="AbstractTestNGCucumberTests.feature(cucumber.api.testng.CucumberFeatureWrapper)[pri:0, instance:com.testrunner.TestRunner@548e7350]" name="feature" class="cucumber.api.testng.AbstractTestNGCucumberTests"/>
      </group> <!-- cucumber -->
    </groups>
    <test name="Default test" duration-ms="30483" started-at="2020-04-06T01:37:51Z" finished-at="2020-04-06T01:38:22Z">
      <class name="com.testrunner.TestRunner">
        <test-method status="PASS" signature="setUpClass()[pri:0, instance:com.testrunner.TestRunner@548e7350]" name="setUpClass" is-config="true" duration-ms="225" started-at="2020-04-06T01:37:51Z" finished-at="2020-04-06T01:37:51Z">
          <reporter-output>
          </reporter-output>
        </test-method> <!-- setUpClass -->
        <test-method status="PASS" signature="feature(cucumber.api.testng.CucumberFeatureWrapper)[pri:0, instance:com.testrunner.TestRunner@548e7350]" name="feature" duration-ms="30137" started-at="2020-04-06T01:37:52Z" description="Runs Cucumber Feature" data-provider="features" finished-at="2020-04-06T01:38:22Z">
          <params>
            <param index="0">
              <value>
                <![CDATA[Login to Chegg homepage.]]>
              </value>
            </param>
          </params>
          <reporter-output>
          </reporter-output>
        </test-method> <!-- feature -->
        <test-method status="PASS" signature="tearDownClass()[pri:0, instance:com.testrunner.TestRunner@548e7350]" name="tearDownClass" is-config="true" duration-ms="7" started-at="2020-04-06T01:38:22Z" finished-at="2020-04-06T01:38:22Z">
          <reporter-output>
          </reporter-output>
        </test-method> <!-- tearDownClass -->
      </class> <!-- com.testrunner.TestRunner -->
    </test> <!-- Default test -->
  </suite> <!-- Default suite -->
</testng-results>
